1438604503.38	[-] Tag: beautifulday
1438604510.15	[-] Tag: buoncibo
1438604514.28	[-] Tag: lovecooking
1438604527.4	[-] Tag: instalove
1438604532.7	[-] Tag: beautifullife
1438604538.34	[-] Tag: instafood
1438604557.48	[-] Tag: quinoa
1438604563.81	[-] Tag: passionecibo
1438604566.7	[-] Tag: foodpassion
1438604572.77	[-] Tag: bellavita
1438604737.57	[-] Tag: beautiful
1438604744.07	[-] Tag: cute
1438604746.27	[-] Tag: fashion
1438604748.41	[-] Tag: love
1438604750.58	[-] Tag: summer
1438604751.31	[-] Tag: ugliestfollowtrain
1438604752.2	[-] Tag: instalike
1438604754.75	[-] Tag: tbt
1438604755.97	[-] Tag: tagsforlikesapp
1438604756.84	[-] Tag: gainpost
1438604758.86	[-] Tag: follow
1438604759.79	[-] Tag: instadaily
1438604760.8	[-] Tag: instamood
1438604763.67	[-] Tag: friends
1438604765.86	[-] Tag: girl
1438604767.65	[-] Tag: swag
1438604768.43	[-] Tag: like4like
1438604769.4	[-] Tag: followme
1438604770.19	[-] Tag: instagood
1438604771.22	[-] Tag: tagsforlikes
1438604772.9	[-] Tag: amazing
1438604773.79	[-] Tag: selenagomez
1438604774.64	[-] Tag: bestoftheday
1438604776.67	[-] Tag: fun
1438604778.72	[-] Tag: smile
1438604779.47	[-] Tag: photooftheday
1438604780.24	[-] Tag: picoftheday
1438604783.06	[-] Tag: happy
1438604785.18	[-] Tag: lunch
1438604787.99	[-] Tag: sisters
1438604790.05	[+] Tag: lemon
1438604793.14	[-] Tag: fanta
1438604795.1	[-] Tag: menu
1438604795.92	[-] Tag: dayout
1438604984.97	[-] Tag: percectday
1438604985.84	[-] Tag: nassaubeachclub
1438604986.87	[-] Tag: foodporn
1438604987.78	[-] Tag: vegetabelwok
1438604988.68	[-] Tag: ibizastyle
1438604991.3	[-] Tag: nassaubeach
1438604992.18	[-] Tag: eatsmart
1438604998.16	[-] Tag: ibiza
1438604998.99	[-] Tag: erfectday
1438604999.86	[-] Tag: vegetabel
1438605002.64	[-] Tag: healthy
1438605004.71	[+] Tag: foodie
1438605005.53	[-] Tag: lifeisgood
1438605006.45	[-] Tag: ig_hokkaido
1438605007.28	[-] Tag: instainternational
1438605008.12	[-] Tag: enjoyfood
1438605009.03	[-] Tag: instatravel
1438605010.0	[-] Tag: instaworld
1438605012.2	[-] Tag: japan
1438605013.09	[-] Tag: foodisfuel
1438605015.17	[-] Tag: heaven
1438605016.04	[-] Tag: foodislife
1438605018.26	[-] Tag: crab
1438605019.08	[-] Tag: food_magazine
1438605019.88	[-] Tag: foodpictures
1438605021.9	[-] Tag: nice
1438605026.17	[-] Tag: igers
1438605030.09	[-] Tag: tflers
1438605032.83	[-] Tag: blondegirl
1438605036.11	[-] Tag: gambe
1438605037.05	[-] Tag: buonpomeriggioatutti
1438605039.91	[-] Tag: blonde
1438605043.52	[-] Tag: piercing
1438605044.49	[-] Tag: goodafternoon
1438605046.83	[-] Tag: lavoro
1438605049.07	[-] Tag: sunset
1438605052.0	[-] Tag: like4lik
1438605056.13	[-] Tag: style
1438605057.84	[-] Tag: look
1438605060.51	[-] Tag: colorful
1438605062.83	[-] Tag: travel
1438605063.66	[-] Tag: all_shots
1438605064.74	[-] Tag: instacool
1438605065.63	[-] Tag: instago
1438605067.15	[-] Tag: webstagram
1438605069.36	[-] Tag: pink
1438605071.56	[-] Tag: life
1438605073.67	[-] Tag: art
1438605075.82	[-] Tag: nature
1438605078.51	[-] Tag: photo
1438605080.61	[-] Tag: hair
1438605083.45	[-] Tag: onedirection
1438605085.6	[-] Tag: cool
1438605087.72	[-] Tag: blue
1438605090.33	[-] Tag: funny
1438605091.31	[-] Tag: instahub
1438605092.08	[-] Tag: throwbackthursday
1438605092.94	[-] Tag: instagramers
1438605095.57	[-] Tag: lol
1438605097.89	[-] Tag: hot
1438605100.04	[-] Tag: pretty
1438605100.94	[-] Tag: statigram
1438605103.19	[-] Tag: beach
1438605104.15	[-] Tag: toptags
1438605111.27	[+] Tag: bunnychow
1438605113.48	[-] Tag: london
1438605115.48	[-] Tag: soho
1438605117.5	[+] Tag: sushi
1438605119.62	[-] Tag: dinner
1438605120.49	[-] Tag: kariikanbelalaigajah
1438605122.71	[-] Tag: alhamdulillah
1438605124.79	[-] Tag: drinks
1438605125.77	[-] Tag: picstitch
1438605127.98	[-] Tag: instagramhub
1438605131.09	[-] Tag: sun
1438605131.94	[-] Tag: iphoneonly
1438605133.94	[-] Tag: sky
1438605134.83	[-] Tag: iphonesia
1438605136.22	[-] Tag: nofilter
1438605137.15	[-] Tag: tweegram
1438605141.01	[-] Tag: hashtagsgen
1438605145.5	[-] Tag: delicious
1438605147.05	[-] Tag: foodgasm
1438605148.09	[-] Tag: healthychoices
1438605151.22	[-] Tag: lunchtime
1438605155.45	[+] Tag: chicken
1438605158.41	[-] Tag: yummy
1438605160.75	[+] Tag: vegetables
1438605161.73	[-] Tag: healthylunches
1438605162.59	[-] Tag: boiledeggs
1438605168.84	[-] Tag: foodstagram
1438605171.2	[+] Tag: 갈비찜
1438605174.71	[-] Tag: 드라이브
1438605177.14	[-] Tag: 포장마차
1438605178.01	[-] Tag: 먹스타그램
1438605178.88	[-] Tag: 교동시장
1438605179.63	[-] Tag: foodpic
1438605320.54	[-] Tag: chest
1438605622.41	[-] Tag: instaselfie
1438605629.49	[-] Tag: selfie
1438605632.26	[-] Tag: selfies
1438605635.16	[-] Tag: handsome
1438605636.43	[-] Tag: instafollow
1438605638.56	[-] Tag: face
1438605639.28	[-] Tag: selfietime
1438605640.35	[-] Tag: selfienation
1438605646.15	[-] Tag: fooddiary
1438605647.36	[-] Tag: instalifo
1438605648.24	[-] Tag: foodaddiction
1438605649.07	[-] Tag: foodgallery
1438605650.29	[-] Tag: foodstamping
1438605651.04	[-] Tag: foodmaster
1438605653.8	[+] Tag: eat
1438605654.74	[-] Tag: lifokitchen
1438605657.65	[-] Tag: tasteful
1438605659.75	[-] Tag: restaurant
1438605660.49	[-] Tag: foodforfoodies
1438605661.66	[-] Tag: bestmeal
1438605662.62	[-] Tag: foodshare
1438605663.35	[-] Tag: weshootweeat
1438605664.18	[-] Tag: foodlover
1438605666.8	[-] Tag: lifo
1438605667.61	[-] Tag: foodobsession
1438605668.45	[-] Tag: foodstyling
1438605670.73	[-] Tag: taiwan
1438605672.85	[-] Tag: taipei
1438605676.75	[-] Tag: clouds
1438605679.42	[-] Tag: dog
1438605681.4	[-] Tag: 1nstagramtags
1438605683.83	[-] Tag: follow4follow
1438605685.79	[-] Tag: 20likes
1438605689.22	[-] Tag: ngon
1438605693.27	[-] Tag: goodday
1438606145.55	[-] Tag: imieipovericapelli
1438606205.3	[-] Tag: instabili
1438606226.22	[-] Tag: squareinstapic
1438606233.97	[-] Tag: mostpopular
1438606244.19	[-] Tag: redcabbage
1438606250.13	[-] Tag: fitfam
1438606260.44	[-] Tag: cauliflower
1438606270.35	[-] Tag: cleaneating
1438606279.88	[-] Tag: fats
1438606287.71	[-] Tag: tzatziki
1438606292.08	[-] Tag: carrot
1438606292.81	[-] Tag: consistencyiskey
1438606293.75	[-] Tag: eattherainbow
1438606298.08	[-] Tag: anchovies
1438606298.94	[-] Tag: sundriedtomatos
1438606299.86	[-] Tag: eatclean
1438606301.94	[-] Tag: feta
1438606303.79	[-] Tag: humus
1438606305.66	[-] Tag: fresh
1438606306.53	[-] Tag: snacklife
1438606308.8	[+] Tag: snacks
1438606311.36	[-] Tag: sweettooth
1438606312.32	[-] Tag: dessertporn
1438606315.8	[+] Tag: sweet
1438606317.88	[+] Tag: chocolate
1438606319.95	[+] Tag: desserts
1438606322.32	[+] Tag: eating
1438606323.4	[-] Tag: paodemel
1438606324.39	[-] Tag: delish
1438606327.19	[+] Tag: hungry
1438606330.04	[+] Tag: icecream
1438606332.05	[-] Tag: yum
1438606334.19	[-] Tag: brigadeiro
1438606336.38	[+] Tag: cake
1438606338.19	[-] Tag: fotografia
1438606339.51	[-] Tag: prismaideasenaccion
1438606702.5	[-] Tag: topliketags
1438606703.61	[-] Tag: likesforlikes
1438606705.09	[-] Tag: likesreturned
1438606712.65	[-] Tag: likes
1438606714.0	[-] Tag: likes4likes
1438606714.75	[-] Tag: followforfollow
1438606715.87	[-] Tag: topliketagsapp
1438606716.93	[-] Tag: followback
1438606717.68	[-] Tag: likesplease
1438606718.72	[-] Tag: likeforlike
1438606723.03	[-] Tag: f4f
1438606724.34	[-] Tag: followalways
1438606725.41	[-] Tag: l4l
1438606728.59	[-] Tag: picture
1438606729.48	[-] Tag: ziarossella
1438606730.69	[-] Tag: italianfood
1438606732.98	[+] Tag: pasta
1438606734.96	[+] Tag: onions
1438606735.71	[-] Tag: ilovefood
1438606737.69	[+] Tag: cuisine
1438606739.89	[+] Tag: potatoes
1438606742.78	[+] Tag: foodies
1438606743.58	[-] Tag: foodoftheday
1438606745.52	[-] Tag: italian
1438606750.2	[-] Tag: healthyfood
1438606751.97	[-] Tag: lifestyle
1438606754.05	[+] Tag: meat
1438606756.05	[+] Tag: salad
1438606757.18	[-] Tag: befit
1438606758.25	[-] Tag: forcemeatballs
1438606760.4	[+] Tag: meal
1438606768.29	[-] Tag: subforsub
1438606770.39	[-] Tag: youtubeindia
1438606772.27	[-] Tag: ysmphotoblog
1438606775.7	[-] Tag: yeşimmutlu
1438606778.64	[-] Tag: breakfast
1438606780.72	[-] Tag: holiday
1438606782.71	[-] Tag: kashmir
1438606783.79	[-] Tag: 94스트리트
1438606784.66	[-] Tag: 맛스타그램
1438606785.39	[-] Tag: 94street
1438606786.28	[-] Tag: 대전맛집
1438606788.55	[-] Tag: tagsforlikesfslc
1438606797.74	[-] Tag: tagforlikes
1438606798.73	[-] Tag: vscophil
1438606800.51	[-] Tag: new
1438606801.4	[-] Tag: followmeplease
1438606802.84	[-] Tag: pleasefollowme
1438606803.98	[-] Tag: vscocamedit
1438606805.41	[-] Tag: justinbieber
1438606807.11	[-] Tag: vscocam
1438606809.46	[-] Tag: bahrain
1438606811.67	[-] Tag: house
1438606813.76	[-] Tag: wedding
1438606815.9	[-] Tag: park
1438606818.04	[-] Tag: school
1438606822.37	[-] Tag: boxes
1438606824.84	[+] Tag: fruits
1438606826.48	[-] Tag: bouquets
1438606828.67	[-] Tag: toys
1438606831.61	[-] Tag: decor
1438606833.85	[-] Tag: flower
1438606837.06	[-] Tag: foodchain
1438606839.42	[-] Tag: hospital
1438606840.97	[-] Tag: work
1438606843.82	[-] Tag: mall
1438606853.46	[-] Tag: arrangement
1438606874.07	[-] Tag: philippines
1438606890.84	[-] Tag: balloons
1438606895.75	[-] Tag: events
1438606967.75	[-] Tag: boy
1438607001.12	[-] Tag: sizenormalisauchok
1438607006.6	[+] Tag: joghurt
1438607008.58	[-] Tag: tee
1438607010.69	[-] Tag: lunchsnack
1438607013.78	[-] Tag: teatime
1438607014.5	[-] Tag: afternoonsnack
1438607015.71	[-] Tag: klickfit
1438607023.08	[-] Tag: weightwatchers
1438607023.94	[-] Tag: wwuk
1438607024.68	[-] Tag: weightwatchersuk
1438607025.57	[-] Tag: weightwatchersfooddiary
1438607030.82	[-] Tag: latepost
1438607031.58	[-] Tag: filipinofood
1438607038.92	[-] Tag: outdoor
1438607041.05	[-] Tag: camping
1438607042.99	[-] Tag: survival
1438607045.15	[+] Tag: cooking
1438607046.01	[-] Tag: polerstuff
1438607046.88	[-] Tag: dutchoven
1438607049.02	[-] Tag: adventure
1438607051.3	[-] Tag: bonfire
1438607053.02	[-] Tag: small
1438607054.53	[-] Tag: mighty
1438607057.17	[+] Tag: roast
1438607058.02	[-] Tag: finedine
1438607060.13	[-] Tag: cantonese
1438607068.2	[-] Tag: phuket
1438607069.9	[-] Tag: xmas
1438607070.82	[-] Tag: blackandwhite
1438607072.39	[-] Tag: tired
1438607074.42	[-] Tag: boston
1438607075.15	[-] Tag: instababy
1438607077.93	[-] Tag: brother
1438607080.02	[-] Tag: autumn
1438607081.64	[-] Tag: booze
1438607082.51	[-] Tag: shoutouter
1438607084.61	[-] Tag: portrait
1438607086.72	[-] Tag: drawing
1438607087.47	[-] Tag: sbn
1438607089.26	[-] Tag: single
1438607090.01	[-] Tag: followshoutoutlikecomment
1438607090.96	[-] Tag: dopefam
1438607091.81	[-] Tag: chilln
1438607094.04	[-] Tag: asos
1438607096.25	[-] Tag: winning
1438607097.13	[-] Tag: instamoments
1438607099.72	[-] Tag: chilling
1438607101.55	[-] Tag: print
1438607103.57	[-] Tag: painting
1438607105.85	[-] Tag: atl
1438607108.07	[-] Tag: kloset
1438607110.17	[-] Tag: spring
1438607111.21	[-] Tag: instasize
1438607114.08	[-] Tag: pencil
1438607115.69	[-] Tag: draw
1438607116.56	[-] Tag: moleskine
1438607118.46	[-] Tag: sketch
1438607120.55	[-] Tag: illustration
1438607123.37	[-] Tag: watercolor
1438607126.48	[-] Tag: ballpoint
1438607128.28	[-] Tag: スケッチ
1438607130.6	[+] Tag: ラーメン
1438607132.05	[-] Tag: イラスト
1438607135.5	[-] Tag: pen
1438607143.47	[-] Tag: 絵日記
1438607156.63	[-] Tag: モレスキン
1438607161.58	[-] Tag: 오늘뭐먹지
1438607169.08	[-] Tag: 해물찜
1438611664.27	[-] Tag: thelastexorcism
1438611665.17	[-] Tag: moviee
1438611672.42	[-] Tag: maoam
1438611673.37	[-] Tag: ilovemovies
1438611817.74	[-] Tag: zürich
1438611821.81	[-] Tag: friendsforlife
1438611833.45	[-] Tag: inspo
1438611846.3	[-] Tag: inspiration
1438611856.37	[-] Tag: treats
1438611858.21	[-] Tag: goodies
1438611859.46	[-] Tag: goodeats
1438611860.6	[-] Tag: peachcobbler
1438611861.45	[-] Tag: guiltypleasure
1438611864.2	[-] Tag: homemade
1438611865.38	[-] Tag: olympusuk
1438611868.03	[-] Tag: omd
1438611869.9	[-] Tag: olympus
1438611872.88	[-] Tag: em10
1438611873.65	[-] Tag: getolympus
1438611876.35	[-] Tag: oly
1438611879.6	[-] Tag: potd
1438611886.49	[-] Tag: meme
1438611888.62	[-] Tag: coke
1438611890.47	[-] Tag: diet
1438611892.31	[-] Tag: burger
1438611894.16	[-] Tag: stupid
1438611895.07	[-] Tag: hilarious
1438611896.92	[-] Tag: epic
1438611897.85	[-] Tag: drollsters
1438611899.15	[-] Tag: foodphotography
1438611901.85	[-] Tag: pic
1438611903.67	[-] Tag: spannish
1438611906.49	[+] Tag: appetizer
1438611907.53	[-] Tag: insta
1438611909.84	[-] Tag: lovelife
1438611912.63	[-] Tag: spain
1438611915.35	[-] Tag: tapas
1438611916.67	[-] Tag: instafoodie
1438611918.24	[-] Tag: pornfood
1438611921.12	[-] Tag: espana
1438611986.93	[-] Tag: livewell
1438611988.81	[-] Tag: preworkout
1438611991.33	[-] Tag: happylife
1438611994.52	[-] Tag: greenisgood
1438612004.31	[-] Tag: sunnyoutside
1438612013.63	[-] Tag: greendrink
1438612015.94	[+] Tag: smoothie
1438612016.74	[-] Tag: colour
1438612018.41	[-] Tag: masonjar
1438612020.95	[-] Tag: health
1438612023.06	[-] Tag: green
1438612023.93	[-] Tag: greenishealth
1438612025.0	[-] Tag: happycolors
1438612026.87	[-] Tag: rasberries
1438612028.99	[+] Tag: cheese
1438612031.17	[-] Tag: feast
1438612034.36	[-] Tag: wine
1438612036.9	[-] Tag: awesome
1438612041.6	[-] Tag: sexy
1438612048.46	[-] Tag: 結局お酒
1438612049.51	[-] Tag: 料理が出るたびに鐘がなってうけた
1438612052.48	[-] Tag: スペインバル
1438612053.47	[-] Tag: 気分はプールだったのに断念
1438612055.43	[-] Tag: grill
1438612056.89	[-] Tag: grillnchill
1438612059.23	[-] Tag: grillen
1438612060.2	[-] Tag: qualitytime
1438612063.14	[-] Tag: veggies
1438612065.87	[+] Tag: roasted
1438612068.74	[+] Tag: bbq
1438612075.34	[-] Tag: 416
1438612079.16	[-] Tag: toronto
1438612081.13	[-] Tag: kush
1438612084.95	[-] Tag: tdot
1438612088.23	[-] Tag: puppy
1438612098.84	[-] Tag: night
1438612207.01	[-] Tag: repost
1438612249.88	[-] Tag: shop
1438612252.9	[-] Tag: vibrant
1438612254.96	[-] Tag: chinatown
1438612257.15	[-] Tag: souvenirs
1438612259.27	[-] Tag: colors
1438612261.47	[-] Tag: red
1438612263.58	[-] Tag: architecture
1438612265.91	[-] Tag: singapura
1438612268.67	[-] Tag: walk
1438612271.43	[-] Tag: tourists
1438612273.51	[-] Tag: happiness
1438612275.4	[-] Tag: discovery
1438612281.62	[-] Tag: vscorussia
1438612287.41	[-] Tag: vsco
1438612288.83	[-] Tag: vscokursk
1438612292.58	[-] Tag: good
1438612294.92	[-] Tag: gay
1438612295.84	[-] Tag: fuckgenderroles
1438612298.84	[-] Tag: lgbt
1438612300.08	[-] Tag: translivesmatter
1438612302.82	[+] Tag: vegan
1438612305.29	[-] Tag: queer
1438612306.05	[-] Tag: beyoubetrue
1438612312.68	[-] Tag: lesbian
1438612314.37	[-] Tag: stayweird
1438612319.29	[-] Tag: rainbow
1438612331.56	[+] Tag: vegetarian
1438612340.59	[-] Tag: peace
1438612349.59	[-] Tag: veggy
1438612354.67	[-] Tag: photografy
1438612365.73	[-] Tag: trans
1438612376.59	[-] Tag: genderqueer
1438612381.51	[-] Tag: pan
1438612425.71	[-] Tag: beauty
1438612434.84	[-] Tag: trend
1438612440.97	[-] Tag: tagsta
1438612442.78	[-] Tag: follower
1438612444.94	[-] Tag: detox
1438612447.09	[-] Tag: day
1438612448.57	[-] Tag: liketeam
1438612450.68	[-] Tag: girly
1438612452.45	[-] Tag: wellness
1438612453.76	[-] Tag: followall
1438612465.18	[-] Tag: foodpost
1438612466.7	[-] Tag: weightloss
1438612467.51	[-] Tag: almostpaleo
1438612471.95	[-] Tag: الكويت
1438612475.08	[-] Tag: rings
1438612486.74	[-] Tag: السعوديه
1438612488.11	[-] Tag: عرب_فوتو
1438612503.88	[-] Tag: family
1438612507.98	[-] Tag: baby
1438612510.44	[-] Tag: gramoftheday
1438612511.76	[-] Tag: golook
1438612514.83	[-] Tag: black
1438612518.88	[-] Tag: bored
1438612709.41	[-] Tag: sunflower
1438612724.46	[-] Tag: yellow
1438612727.07	[-] Tag: flickrapp
1438612737.69	[+] Tag: seeds
1438612743.07	[-] Tag: finch
1438612745.67	[-] Tag: pickyourown
1438612750.64	[-] Tag: fishtown
