1438604783.06	[-]	1043414582111610436_1522788688	en:20@et:2@eu:2@bs:1@ga:1@cy:1@af:1	https://scontent.cdninstagram.com/hphotos-xfa1/t51.2885-15/s640x640/e15/11849342_474620396039813_600686635_n.jpg
1438605002.64	[-]	1043416559874080892_463435895	en:4@pl:2@da:1@ga:1@sk:1@st:1@af:1	https://scontent.cdninstagram.com/hphotos-xfa1/t51.2885-15/s640x640/e15/11348318_828518263930359_2137959324_n.jpg
1438605021.9	[+]	1043416551166601026_1782455792	en:12@et:2@pl:1@eo:1	https://scontent.cdninstagram.com/hphotos-xaf1/t51.2885-15/e15/11375268_1476378302678656_192060809_n.jpg
1438605031.59	[-]	1043416544464510317_2084211190	en:19@et:2@sl:1@ga:1@af:1@cy:1@bs:1@no:1	https://scontent.cdninstagram.com/hphotos-xaf1/t51.2885-15/s640x640/e15/11356743_415132758675903_85226177_n.jpg
1438605049.69	[-]	1043416543981440631_8074578	en:19@it:3@bs:1@cy:1@is:1	https://scontent.cdninstagram.com/hphotos-xaf1/t51.2885-15/e15/11821873_1690123811207427_627792986_n.jpg
1438605054.33	[-]	1043416543786887149_1796768000	en:18@et:1@sl:1@ga:1@af:1@cy:1@bs:1@no:1	https://scontent.cdninstagram.com/hphotos-xaf1/l/t51.2885-15/e15/11373873_136020133403738_1891508211_n.jpg
1438605067.28	[-]	1043416538828086693_614436894	en:9@sl:1@ga:1@da:1@bs:1@eo:1	https://scontent.cdninstagram.com/hphotos-xaf1/t51.2885-15/s640x640/sh0.08/e35/11850316_1618572171758780_1801788375_n.jpg
1438605104.15	[-]	1043416536251132092_1589055281	en:23@et:1@bs:1@ga:1@da:1@sv:1	https://scontent.cdninstagram.com/hphotos-xfa1/t51.2885-15/s640x640/e15/11351510_420706734788058_598708386_n.jpg
1438605108.45	[-]	1043416535030282595_2044154077	en:19@et:2@sl:1@ga:1@af:1@cy:1@bs:1@no:1	https://scontent.cdninstagram.com/hphotos-xfa1/t51.2885-15/e15/11850182_865986030123448_1843920854_n.jpg
1438605115.48	[+]	1043416531621456422_4451097	en:2@pl:1	https://scontent.cdninstagram.com/hphotos-xaf1/t51.2885-15/s640x640/sh0.08/e35/11350896_921368661235108_167249901_n.jpg
1438605117.5	[+]	1043416525315207533_178963035	en:1	https://scontent.cdninstagram.com/hphotos-xfa1/t51.2885-15/s640x640/sh0.08/e35/11375135_1613128395627501_846973215_n.jpg
1438605122.71	[-]	1043416525255342730_191441917	id:2@en:1	https://scontent.cdninstagram.com/hphotos-xfa1/t51.2885-15/s640x640/sh0.08/e35/11355038_1505016743123616_54625576_n.jpg
1438605124.79	[-]	1043416522562712441_846357027	en:1	https://scontent.cdninstagram.com/hphotos-xaf1/t51.2885-15/s640x640/sh0.08/e35/11375404_506613349488374_932041432_n.jpg
1438605137.4	[-]	1043416517261933065_198737829	en:17@et:2@af:2@no:2@sl:1@cy:1@da:1@la:1	https://scontent.cdninstagram.com/hphotos-xfa1/t51.2885-15/e15/11373629_742028489276456_655591978_n.jpg
1438605142.64	[-]	1043416512136588056_2066097921	en:17@et:2@no:2@sl:1@af:1@cy:1@da:1@la:1@sq:1	https://scontent.cdninstagram.com/hphotos-xfa1/t51.2885-15/e15/11202610_1622027404739017_1984805327_n.jpg
1438605163.36	[+]	1043416508311554656_636038089	en:19@cy:2@et:1@sl:1@sk:1@bs:1@ca:1@no:1	https://scontent.cdninstagram.com/hphotos-xaf1/t51.2885-15/s640x640/sh0.08/e35/11336091_1193939707298206_76717381_n.jpg
1438605167.65	[-]	1043416504991085285_318054475	en:19@et:2@sl:1@ga:1@af:1@cy:1@bs:1@no:1	https://scontent.cdninstagram.com/hphotos-xpa1/t51.2885-15/e15/10948655_1028757443815641_1752223945_n.jpg
1438605618.77	[-]	1043421669344730947_8693894	en:19@et:2@sl:1@ga:1@af:1@cy:1@bs:1@no:1	https://scontent.cdninstagram.com/hphotos-xaf1/t51.2885-15/s640x640/sh0.08/e35/11326521_501843399980059_1278100339_n.jpg
1438605640.72	[-]	1043421663245350494_1403368052	en:19@et:1@sl:1@ga:1@tl:1@da:1@cy:1@bs:1@eo:1	https://scontent.cdninstagram.com/hphotos-xaf1/t51.2885-15/s640x640/sh0.08/e35/11296876_1171638679519676_1794879889_n.jpg
1438605645.02	[-]	1043421659845379664_2089290528	en:19@et:2@sl:1@ga:1@af:1@cy:1@bs:1@no:1	https://scontent.cdninstagram.com/hphotos-xfa1/t51.2885-15/e15/11327018_714178988715217_850565818_n.jpg
1438605645.02	[-]	1043421657642564405_287893837		https://scontent.cdninstagram.com/hphotos-xap1/t51.2885-15/e15/923709_918362191569722_1789342548_n.jpg
1438605668.58	[+]	1043421654419390532_778596935	en:17@et:2@eu:1@sl:1@cy:1@sk:1@hmn:1@de:1@ca:1	https://scontent.cdninstagram.com/hphotos-xaf1/t51.2885-15/e15/11410384_860171710731820_1760801884_n.jpg
1438605672.85	[-]	1043421653490339196_8438970	en:2	https://scontent.cdninstagram.com/hphotos-xaf1/t51.2885-15/s640x640/sh0.08/e35/11380072_732666250188580_614621505_n.jpg
1438605681.76	[-]	1043421648924115099_934796215	en:24@sv:2@bs:1@ga:1@et:1	https://scontent.cdninstagram.com/hphotos-xfa1/t51.2885-15/s640x640/e15/11313788_959651700753568_52677746_n.jpg
1438605687.26	[-]	1043421648575078865_1119974423	en:18@da:2@sl:1@ga:1@cy:1@bs:1@af:1@eo:1	https://scontent.cdninstagram.com/hphotos-xfa1/t51.2885-15/e15/11849441_1619877508290880_630895476_n.jpg
1438605689.34	[-]	1043421648296978463_1138513177	en:1@vi:1	https://scontent.cdninstagram.com/hphotos-xpf1/t51.2885-15/e15/10954742_1634775566762232_706673383_n.jpg
1438605694.48	[-]	1043421647300323629_492899729	en:19@et:1@sl:1@ga:1@so:1@cy:1@bs:1@af:1@no:1	https://scontent.cdninstagram.com/hphotos-xaf1/t51.2885-15/e15/11849896_152537135079715_847345319_n.jpg
1438606153.65	[-]	1043426154293408668_430580171	en:18@da:2@sl:1@ga:1@cy:1@it:1@bs:1@af:1@eo:1	https://scontent.cdninstagram.com/hphotos-xaf1/t51.2885-15/s640x640/sh0.08/e35/11324970_396160647251594_1768868856_n.jpg
1438606183.59	[-]	1043426145764997996_1338607909	en:19@et:2@sl:1@ga:1@af:1@cy:1@bs:1@no:1	https://scontent.cdninstagram.com/hphotos-xaf1/t51.2885-15/s640x640/e15/11373723_1466434180324309_1061593951_n.jpg
1438606238.35	[-]	1043426142810070864_2051500822	en:18@da:2@sl:1@ga:1@cy:1@it:1@bs:1@ca:1@af:1@eo:1	https://scontent.cdninstagram.com/hphotos-xpf1/t51.2885-15/e15/1889120_1460184957616819_265286160_n.jpg
1438606305.66	[-]	1043426141814532012_29183464	en:9@et:1@it:1@ga:1@mt:1@sk:1@hu:1@sv:1@sw:1@is:1	https://scontent.cdninstagram.com/hphotos-xaf1/t51.2885-15/s640x640/sh0.08/e35/11333403_1000123086706879_1161114680_n.jpg
1438606308.8	[+]	1043426137066271917_21133164	en:2@sv:1	https://scontent.cdninstagram.com/hphotos-xaf1/t51.2885-15/e15/11326297_715865701880976_1430377159_n.jpg
1438606336.38	[+]	1043426133467650459_400018253	en:18@pt:1@ca:1@tr:1@de:1	https://scontent.cdninstagram.com/hphotos-xfa1/t51.2885-15/e15/11849990_437034386479213_1104123263_n.jpg
1438606689.47	[-]	1043430600842753298_284990076	en:19@et:2@sl:1@ga:1@af:1@cy:1@bs:1@no:1	https://scontent.cdninstagram.com/hphotos-xaf1/t51.2885-15/e15/11376358_546881788802715_1803012240_n.jpg
1438606725.79	[-]	1043430598236940856_2071093049	en:18@tl:2@sv:2@af:2@bs:1@ga:1@cy:1@sl:1@fr:1	https://scontent.cdninstagram.com/hphotos-xaf1/l/t51.2885-15/e15/11327019_1025055000847439_1793894016_n.jpg
1438606745.53	[+]	1043430589672777676_184028640	en:11@la:1@it:1@vi:1@sk:1	https://scontent.cdninstagram.com/hphotos-xfa1/t51.2885-15/s640x640/sh0.08/e35/11850191_1474900476142973_601963395_n.jpg
1438606749.47	[-]	1043430588497460614_1995057750	en:18@et:1@sl:1@ga:1@af:1@cy:1@bs:1@no:1	https://scontent.cdninstagram.com/hphotos-xaf1/t51.2885-15/e15/11374075_1736292903264935_1863413147_n.jpg
1438606760.4	[+]	1043430588403706133_2037001305	en:9@de:1	https://scontent.cdninstagram.com/hphotos-xfa1/t51.2885-15/e15/11849834_1865569393668915_279370777_n.jpg
1438606764.82	[-]	1043430586826952721_778936603	en:19@et:2@sl:1@ga:1@af:1@cy:1@bs:1@no:1	https://scontent.cdninstagram.com/hphotos-xfa1/t51.2885-15/e15/11244029_455031368010796_1026819786_n.jpg
1438606770.77	[-]	1043430571709310925_1768940264	en:21@et:1@sl:1@ga:1@cy:1@da:1@bs:1@af:1@eo:1	https://scontent.cdninstagram.com/hphotos-xaf1/l/t51.2885-15/s640x640/sh0.08/e35/11326552_451894368323084_504781313_n.jpg
1438606776.56	[-]	1043430570345932377_1931479136	en:19@cy:2@sl:1@ga:1@da:1@tr:1@bs:1@af:1@eo:1	https://scontent.cdninstagram.com/hphotos-xaf1/t51.2885-15/s640x640/sh0.08/e35/11849956_378268962368477_137563442_n.jpg
1438606782.84	[-]	1043430562478232173_1754989931	en:4	https://scontent.cdninstagram.com/hphotos-xaf1/t51.2885-15/e15/11427297_425254614343971_925756171_n.jpg
1438606786.66	[+]	1043430560192903968_529281389	ko:4@en:2	https://scontent.cdninstagram.com/hphotos-xfa1/t51.2885-15/s640x640/sh0.08/e35/11373557_133653733639980_1225320719_n.jpg
1438606792.07	[-]	1043430557424666500_1989606392	en:19@et:3@sl:1@ga:1@af:1@cy:1@bs:1@no:1	https://scontent.cdninstagram.com/hphotos-xaf1/t51.2885-15/s640x640/sh0.08/e35/11372046_1626796810902445_1975669865_n.jpg
1438606796.4	[-]	1043430554340969964_1995914626	en:19@et:2@sl:1@ga:1@af:1@cy:1@bs:1@no:1	https://scontent.cdninstagram.com/hphotos-xfa1/t51.2885-15/s640x640/e15/11375345_468547843326192_1357761583_n.jpg
1438606807.42	[-]	1043430546442945519_2007100383	en:19@af:2@ro:1@ga:1@cy:1@mt:1@da:1@it:1@pt:1	https://scontent.cdninstagram.com/hphotos-xaf1/t51.2885-15/s640x640/sh0.08/e35/11378295_501794136638184_194994496_n.jpg
1438606895.75	[+]	1043430535672046254_243865455	en:25@ga:1	https://scontent.cdninstagram.com/hphotos-xpa1/t51.2885-15/e15/11202476_1621462584758611_758968850_n.jpg
1438606895.75	[-]	1043430532387660271_2069759311		https://scontent.cdninstagram.com/hphotos-xaf1/t51.2885-15/e15/11373711_1475727506075150_351169243_n.jpg
1438606941.72	[-]	1043430530036419739_225581938	en:19@et:2@sl:1@ga:1@af:1@cy:1@bs:1@no:1	https://scontent.cdninstagram.com/hphotos-xaf1/t51.2885-15/e15/11349145_1588528198074249_2134130161_n.jpg
1438606996.67	[-]	1043430529674855256_276856103	en:20@af:2@sl:1@ga:1@cy:1@da:1@bs:1@no:1@eo:1	https://scontent.cdninstagram.com/hphotos-xaf1/t51.2885-15/e15/11336088_1451310185195198_1058043998_n.jpg
1438607015.71	[+]	1043430524777448925_12917608	en:5@de:2@sv:1@fr:1@ny:1	https://scontent.cdninstagram.com/hphotos-xaf1/t51.2885-15/s640x640/sh0.08/e35/11429692_1472407256409438_652623782_n.jpg
1438607021.28	[-]	1043430520912413000_1190469671	en:19@et:2@sl:1@ga:1@af:1@cy:1@bs:1@no:1	https://scontent.cdninstagram.com/hphotos-xaf1/t51.2885-15/s640x640/sh0.08/e35/11410486_728283613961454_454414115_n.jpg
1438607025.69	[-]	1043430519301883263_557504752	en:4@pl:1@de:1@cy:1	https://scontent.cdninstagram.com/hphotos-xaf1/t51.2885-15/e15/11356587_959324244131514_1391811481_n.jpg
1438607030.01	[-]	1043430516362103869_1624961074	en:19@et:2@sl:1@ga:1@af:1@cy:1@bs:1@no:1	https://scontent.cdninstagram.com/hphotos-xaf1/t51.2885-15/s640x640/e15/11348214_113725665640286_496906144_n.jpg
1438607031.58	[-]	1043430515228902125_2074110351	en:2	https://scontent.cdninstagram.com/hphotos-xap1/t51.2885-15/s640x640/e15/11199519_126822230992133_877161606_n.jpg
1438607035.83	[-]	1043430511424828226_1948714603	en:18@da:2@sl:1@ga:1@cy:1@bs:1@af:1@eo:1	https://scontent.cdninstagram.com/hphotos-xaf1/t51.2885-15/e15/11376189_1436718046658494_1177418958_n.jpg
1438607051.31	[+]	1043430510685421019_1991903422	en:7@da:1@sv:1	https://scontent.cdninstagram.com/hphotos-xaf1/t51.2885-15/s640x640/e15/11376358_1683589105207297_556240861_n.jpg
1438607060.25	[+]	1043430510056188434_997538337	en:5@da:1	https://scontent.cdninstagram.com/hphotos-xaf1/t51.2885-15/s640x640/sh0.08/e35/11850397_390131911182468_1578323510_n.jpg
1438607065.42	[-]	1043430505652274761_518863440	en:19@et:2@sl:1@ga:1@af:1@cy:1@bs:1@no:1	https://scontent.cdninstagram.com/hphotos-xfa1/t51.2885-15/s640x640/sh0.08/e35/11336108_1480725982226469_3116823_n.jpg
1438607108.07	[-]	1043430504964889287_2135423909	en:22@id:1@az:1@ga:1@cy:1@ca:1@la:1	https://scontent.cdninstagram.com/hphotos-xaf1/t51.2885-15/e15/11376336_1639953822955884_1795560259_n.jpg
1438607111.99	[-]	1043430503690057435_1810669140	en:5@bs:1@tr:1@cy:1@sk:1	https://scontent.cdninstagram.com/hphotos-xaf1/t51.2885-15/s640x640/sh0.08/e35/11363718_797224820395366_762890477_n.jpg
1438607156.64	[+]	1043430503291889624_1424740328	en:10@ja:5	https://scontent.cdninstagram.com/hphotos-xfa1/t51.2885-15/s640x640/sh0.08/e35/11348090_514295005393000_279455147_n.jpg
1438607169.08	[-]	1043430494990032680_1465888126	ko:3	https://scontent.cdninstagram.com/hphotos-xaf1/t51.2885-15/s640x640/e15/11378850_887898874613962_277660421_n.jpg
1438611763.22	[-]	1043473283232599461_267983106	en:21@sl:1@ga:1@af:1@tl:1@cy:1@bs:1@no:1	https://scontent.cdninstagram.com/hphotos-xfa1/t51.2885-15/s640x640/sh0.08/e35/11335076_139934483010262_656313439_n.jpg
1438611795.69	[-]	1043473282292979112_364848012	en:19@et:2@sl:1@ga:1@af:1@cy:1@bs:1@no:1	https://scontent.cdninstagram.com/hphotos-xaf1/t51.2885-15/e15/11326156_1447162685590788_346489734_n.jpg
1438611847.85	[-]	1043473282185323492_347599375	en:20@sl:1@ga:1@cy:1@sv:1@bs:1@af:1	https://scontent.cdninstagram.com/hphotos-xaf1/t51.2885-15/s640x640/e15/11350740_138199089850856_240423515_n.jpg
1438611854.4	[-]	1043473279958027530_2081490162	en:20@sl:1@ga:1@cy:1@da:1@bs:1@af:1@eo:1	https://scontent.cdninstagram.com/hphotos-xaf1/t51.2885-15/e15/11850082_734645733348956_1558375527_n.jpg
1438611864.2	[+]	1043473275296514823_2032002655	en:8@vi:1@sk:1	https://scontent.cdninstagram.com/hphotos-xaf1/t51.2885-15/s640x640/sh0.08/e35/11335164_422703227925149_1751827584_n.jpg
1438611879.72	[-]	1043473263139985854_1427501253	en:4@bs:2@cs:1@ms:1@cy:1@sk:1@hu:1@pt:1	https://scontent.cdninstagram.com/hphotos-xaf1/t51.2885-15/s640x640/sh0.08/e35/11325246_750568408402698_1079065615_n.jpg
1438611884.28	[-]	1043473260188462951_607007490	en:18@da:2@sl:1@ga:1@cy:1@bs:1@af:1@eo:1	https://scontent.cdninstagram.com/hphotos-xaf1/t51.2885-15/s640x640/sh0.08/e35/11849310_1668117756743488_1822665573_n.jpg
1438611897.86	[+]	1043473254954796151_1906238296	en:9@uz:1@no:1	https://scontent.cdninstagram.com/hphotos-xaf1/t51.2885-15/s640x640/sh0.08/e35/11410489_999762186724348_386267519_n.jpg
1438611921.44	[+]	1043473250841319146_260775308	en:17@et:2@ca:1@fi:1@tl:1@sk:1@af:1@is:1@uz:1@fr:1	https://scontent.cdninstagram.com/hphotos-xaf1/t51.2885-15/s640x640/sh0.08/e35/11375157_1614962822108970_2053772572_n.jpg
1438611926.6	[-]	1043473250349913767_233643748	en:19@et:2@sl:1@ga:1@af:1@cy:1@bs:1@no:1	https://scontent.cdninstagram.com/hphotos-xaf1/t51.2885-15/e15/11348242_431614450374831_204847618_n.jpg
1438611971.78	[-]	1043473249834689019_936315311	en:19@af:2@et:1@sl:1@ga:1@cy:1@da:1@bs:1@no:1@eo:1	https://scontent.cdninstagram.com/hphotos-xaf1/t51.2885-15/s640x640/sh0.08/e35/11374023_888097824606821_1217723796_n.jpg
1438612026.87	[+]	1043473245905172514_1916534941	en:13@mt:1@ht:1@nl:1@et:1	https://scontent.cdninstagram.com/hphotos-xaf1/t51.2885-15/e15/11313736_1472388959724741_821054049_n.jpg
1438612034.37	[+]	1043473245770107491_39239113	en:11@ca:1@sk:1	https://scontent.cdninstagram.com/hphotos-xaf1/t51.2885-15/s640x640/sh0.08/e35/11327998_436684326539607_131980944_n.jpg
1438612042.0	[-]	1043473240112480331_1399285495	en:22@sl:1@ga:1@cy:1@tl:1@bs:1@af:1	https://scontent.cdninstagram.com/hphotos-xfa1/t51.2885-15/s640x640/e15/11311163_912801672120559_904108550_n.jpg
1438612047.13	[-]	1043473239513092017_1960309978	en:19@af:2@et:1@sl:1@ga:1@cy:1@da:1@bs:1@no:1@eo:1	https://scontent.cdninstagram.com/hphotos-xaf1/t51.2885-15/e15/11296909_795554157227515_1886665514_n.jpg
1438612053.6	[-]	1043473236388570057_369446111	ja:5@en:2	https://scontent.cdninstagram.com/hphotos-xaf1/t51.2885-15/e15/11350729_521364944677989_1519231148_n.jpg
1438612068.75	[+]	1043473228680558675_198007205	en:7@it:1@sv:1@de:1@sk:1	https://scontent.cdninstagram.com/hphotos-xaf1/t51.2885-15/s640x640/sh0.08/e35/11848819_108088352873312_1346370057_n.jpg
1438612073.2	[-]	1043473226399303947_1581717641	en:20@sl:1@ga:1@cy:1@da:1@bs:1@af:1@eo:1	https://scontent.cdninstagram.com/hphotos-xfa1/t51.2885-15/s640x640/sh0.08/e35/11420423_809277122520373_479200813_n.jpg
1438612088.88	[-]	1043473223221287600_1821728877	en:21@et:1@bs:1@ga:1@da:1@af:1@sq:1@no:1@eo:1	https://scontent.cdninstagram.com/hphotos-xaf1/t51.2885-15/s640x640/sh0.08/e35/11421961_1030835536929020_1234088512_n.jpg
1438612101.39	[-]	1043473223043802100_1206307583	en:20@et:1@sl:1@ga:1@af:1@cy:1@bs:1@no:1	https://scontent.cdninstagram.com/hphotos-xaf1/t51.2885-15/s640x640/sh0.08/e35/11350863_124281751248076_162672426_n.jpg
1438612139.13	[-]	1043473221616427818_274096303	en:17@et:2@af:2@no:2@sl:1@cy:1@da:1@la:1	https://scontent.cdninstagram.com/hphotos-xpf1/t51.2885-15/s640x640/sh0.08/e35/10950466_556647187822606_1989076786_n.jpg
1438612178.87	[-]	1043473218213736752_228249315	en:20@af:2@sl:1@ga:1@cy:1@da:1@bs:1@no:1@eo:1	https://scontent.cdninstagram.com/hphotos-xaf1/t51.2885-15/e15/11376211_146656415669405_1730109901_n.jpg
1438612228.44	[-]	1043473215047882638_288021044	en:20@sl:1@ga:1@af:1@cy:1@bs:1@no:1	https://scontent.cdninstagram.com/hphotos-xaf1/t51.2885-15/e15/11850327_735818706528839_1921900676_n.jpg
1438612240.87	[-]	1043473210861675027_271305759	en:19@et:1@sl:1@ga:1@af:1@cy:1@bs:1@no:1	https://scontent.cdninstagram.com/hphotos-xaf1/t51.2885-15/e15/11296792_104792853205008_2072204076_n.jpg
1438612247.94	[-]	1043473208891625953_364842003	en:19@et:1@sl:1@ga:1@af:1@cy:1@bs:1@no:1	https://scontent.cdninstagram.com/hphotos-xaf1/t51.2885-15/e15/11821867_508039572693496_960853581_n.jpg
1438612275.4	[+]	1043473206676049750_1639926042	en:13@id:1	https://scontent.cdninstagram.com/hphotos-xaf1/t51.2885-15/s640x640/sh0.08/e35/11429703_789026007881582_1193920217_n.jpg
1438612279.94	[-]	1043473205083086793_523456894	en:18@da:2@sl:1@ga:1@cy:1@bs:1@af:1@eo:1	https://scontent.cdninstagram.com/hphotos-xaf1/t51.2885-15/e15/11363712_1617787341837600_1460369490_n.jpg
1438612290.69	[-]	1043473204528923715_255701392	en:17@et:1@cs:1@sl:1@ga:1@no:1@cy:1@it:1@bs:1@la:1@pt:1	https://scontent.cdninstagram.com/hphotos-xaf1/t51.2885-15/s640x640/sh0.08/e35/11428681_408567872685887_388437008_n.jpg
1438612381.52	[+]	1043473199061035833_1798572841	en:19@cy:2@da:1@hu:1@af:1@no:1@pt:1	https://scontent.cdninstagram.com/hphotos-xaf1/t51.2885-15/s640x640/sh0.08/e35/11849335_415260462005400_1688278135_n.jpg
1438612405.44	[-]	1043473194327845723_938035873	en:19@sl:1@ga:1@cy:1@da:1@bs:1@eo:1	https://scontent.cdninstagram.com/hphotos-xfa1/t51.2885-15/s640x640/e15/11809904_1602223303399590_1918937918_n.jpg
1438612454.86	[+]	1043473193005449701_1837798807	en:22@sl:1@ga:1@is:1@af:1@fr:1	https://scontent.cdninstagram.com/hphotos-xfa1/t51.2885-15/s640x640/sh0.08/e35/11355737_903683383037902_2129496009_n.jpg
1438612459.83	[-]	1043473183325205368_1959314011	en:19@et:2@sl:1@ga:1@af:1@cy:1@bs:1@no:1	https://scontent.cdninstagram.com/hphotos-xaf1/t51.2885-15/s640x640/sh0.08/e35/11351535_928795133833509_869408117_n.jpg
1438612464.36	[-]	1043473178734700320_39277120	en:19@et:2@sl:1@ga:1@af:1@cy:1@bs:1@no:1	https://scontent.cdninstagram.com/hphotos-xap1/t51.2885-15/e15/1389715_1625646697713074_1060868387_n.jpg
1438612468.14	[+]	1043473176151535897_37862635	en:6@de:1	https://scontent.cdninstagram.com/hphotos-xaf1/t51.2885-15/s640x640/sh0.08/e35/11849838_671726562929874_1108728116_n.jpg
1438612490.0	[-]	1043473176084136800_1641912351	en:18@ar:3@da:2@sl:1@ga:1@cy:1@bs:1@af:1@eo:1	https://scontent.cdninstagram.com/hphotos-xpf1/t51.2885-15/s640x640/sh0.08/e35/10954757_947678755291906_1999238341_n.jpg
1438612494.91	[-]	1043473168611817142_2023269236	en:19@et:2@sl:1@ga:1@af:1@cy:1@bs:1@no:1	https://scontent.cdninstagram.com/hphotos-xfa1/t51.2885-15/e15/11325734_1616374105288429_1528890618_n.jpg
1438612500.22	[-]	1043473165261842356_867881384	en:19@et:2@sl:1@ga:1@af:1@cy:1@bs:1@no:1	https://scontent.cdninstagram.com/hphotos-xfa1/t51.2885-15/e15/11311346_756538611121872_1689055510_n.jpg
1438612522.97	[-]	1043473161244722698_1356842384	en:27@af:1@ga:1	https://scontent.cdninstagram.com/hphotos-xaf1/t51.2885-15/s640x640/sh0.08/e35/11821213_493917600767037_920093014_n.jpg
1438612750.65	[+]	1043481057626375170_12127768	en:9@sv:1	https://scontent.cdninstagram.com/hphotos-xaf1/t51.2885-15/s640x640/sh0.08/e35/11312050_1450344151939729_574540140_n.jpg
1438612750.66	[-]	1043481051612975233_1290313971		https://scontent.cdninstagram.com/hphotos-xaf1/t51.2885-15/s640x640/sh0.08/e35/11351592_1449772705331586_123185068_n.jpg
